<?xml version="1.0" ?>
<!DOCTYPE coverage SYSTEM 'http://cobertura.sourceforge.net/xml/coverage-03.dtd'>
<coverage line-rate="0.000" version="1.9" timestamp="1478525396">
	<sources>
		<source>/</source>
	</sources>
	<packages>
		<package name="a_out" line-rate="0.000" branch-rate="1.0" complexity="1.0">
			<classes>
				<class name="stdio2_h" filename="usr/include/x86_64-linux-gnu/bits/stdio2.h" line-rate="0.000">
					<lines>
						<line number="97" hits="0"/>
					</lines>
				</class>
				<class name="string3_h" filename="usr/include/x86_64-linux-gnu/bits/string3.h" line-rate="0.000">
					<lines>
						<line number="84" hits="0"/>
						<line number="120" hits="0"/>
					</lines>
				</class>
				<class name="fcntl2_h" filename="usr/include/x86_64-linux-gnu/bits/fcntl2.h" line-rate="0.000">
					<lines>
						<line number="53" hits="0"/>
					</lines>
				</class>
				<class name="coverage_cpp" filename="tmp/tmp.pDHVAyoYZk/nokia-academy-2016/SQA/coverage/coverage.cpp" line-rate="0.852">
					<lines>
						<line number="9" hits="2"/>
						<line number="13" hits="1"/>
						<line number="14" hits="2"/>
						<line number="16" hits="1"/>
						<line number="18" hits="1"/>
						<line number="20" hits="0"/>
						<line number="23" hits="1"/>
						<line number="26" hits="1"/>
						<line number="28" hits="1"/>
						<line number="31" hits="2"/>
						<line number="33" hits="1"/>
						<line number="38" hits="1"/>
						<line number="41" hits="1"/>
						<line number="49" hits="1"/>
						<line number="50" hits="2"/>
						<line number="51" hits="1"/>
						<line number="52" hits="1"/>
						<line number="53" hits="1"/>
						<line number="56" hits="0"/>
						<line number="58" hits="0"/>
						<line number="70" hits="1"/>
						<line number="71" hits="1"/>
						<line number="72" hits="1"/>
						<line number="73" hits="1"/>
						<line number="74" hits="0"/>
						<line number="78" hits="1"/>
						<line number="79" hits="1"/>
					</lines>
				</class>
				<class name="iostream" filename="usr/include/c++/6/iostream" line-rate="1.000">
					<lines>
						<line number="74" hits="2"/>
					</lines>
				</class>
			</classes>
		</package>
	</packages>
</coverage>
